<?xml version="1.0" encoding="UTF-8"?>
<testng-results skipped="0" failed="0" ignored="0" total="2" passed="2">
  <reporter-output>
  </reporter-output>
  <suite name="com.codetest.AppTest" duration-ms="51" started-at="2021-10-26T11:27:38 IST" finished-at="2021-10-26T11:27:38 IST">
    <groups>
    </groups>
    <test name="Command line test" duration-ms="51" started-at="2021-10-26T11:27:38 IST" finished-at="2021-10-26T11:27:38 IST">
      <class name="com.codetest.AppTest">
        <test-method status="PASS" signature="testlogin1()[pri:0, instance:com.codetest.AppTest@685cb137]" name="testlogin1" duration-ms="10" started-at="2021-10-26T11:27:38 IST" finished-at="2021-10-26T11:27:38 IST">
          <reporter-output>
          </reporter-output>
        </test-method> <!-- testlogin1 -->
        <test-method status="PASS" signature="testlogin2()[pri:0, instance:com.codetest.AppTest@685cb137]" name="testlogin2" duration-ms="0" started-at="2021-10-26T11:27:38 IST" finished-at="2021-10-26T11:27:38 IST">
          <reporter-output>
          </reporter-output>
        </test-method> <!-- testlogin2 -->
      </class> <!-- com.codetest.AppTest -->
    </test> <!-- Command line test -->
  </suite> <!-- com.codetest.AppTest -->
</testng-results>
